{"/Users/kzz555/Documents/interview/ip_to_binary.js":{"path":"/Users/kzz555/Documents/interview/ip_to_binary.js","s":{"1":1,"2":56,"3":56,"4":7,"5":49,"6":4,"7":45,"8":1,"9":20,"10":20,"11":20,"12":162,"13":45,"14":36,"15":36,"16":36,"17":117,"18":11,"19":9,"20":9,"21":9},"b":{"1":[7,49],"2":[4,45],"3":[49,47],"4":[45,117]},"f":{"1":56},"fnMap":{"1":{"name":"validateNumberStr","line":3,"loc":{"start":{"line":3,"column":0},"end":{"line":3,"column":33}}}},"statementMap":{"1":{"start":{"line":3,"column":0},"end":{"line":8,"column":1}},"2":{"start":{"line":4,"column":2},"end":{"line":4,"column":25}},"3":{"start":{"line":5,"column":2},"end":{"line":5,"column":74}},"4":{"start":{"line":5,"column":23},"end":{"line":5,"column":74}},"5":{"start":{"line":6,"column":2},"end":{"line":6,"column":80}},"6":{"start":{"line":6,"column":24},"end":{"line":6,"column":80}},"7":{"start":{"line":7,"column":2},"end":{"line":7,"column":14}},"8":{"start":{"line":10,"column":0},"end":{"line":29,"column":2}},"9":{"start":{"line":11,"column":2},"end":{"line":11,"column":24}},"10":{"start":{"line":12,"column":2},"end":{"line":12,"column":18}},"11":{"start":{"line":13,"column":2},"end":{"line":22,"column":3}},"12":{"start":{"line":14,"column":4},"end":{"line":21,"column":5}},"13":{"start":{"line":15,"column":6},"end":{"line":15,"column":38}},"14":{"start":{"line":16,"column":6},"end":{"line":16,"column":37}},"15":{"start":{"line":17,"column":6},"end":{"line":17,"column":19}},"16":{"start":{"line":18,"column":6},"end":{"line":18,"column":24}},"17":{"start":{"line":20,"column":6},"end":{"line":20,"column":24}},"18":{"start":{"line":24,"column":2},"end":{"line":24,"column":34}},"19":{"start":{"line":25,"column":2},"end":{"line":25,"column":33}},"20":{"start":{"line":26,"column":2},"end":{"line":26,"column":15}},"21":{"start":{"line":27,"column":2},"end":{"line":27,"column":11}}},"branchMap":{"1":{"line":5,"type":"if","locations":[{"start":{"line":5,"column":2},"end":{"line":5,"column":2}},{"start":{"line":5,"column":2},"end":{"line":5,"column":2}}]},"2":{"line":6,"type":"if","locations":[{"start":{"line":6,"column":2},"end":{"line":6,"column":2}},{"start":{"line":6,"column":2},"end":{"line":6,"column":2}}]},"3":{"line":6,"type":"binary-expr","locations":[{"start":{"line":6,"column":6},"end":{"line":6,"column":11}},{"start":{"line":6,"column":15},"end":{"line":6,"column":22}}]},"4":{"line":14,"type":"if","locations":[{"start":{"line":14,"column":4},"end":{"line":14,"column":4}},{"start":{"line":14,"column":4},"end":{"line":14,"column":4}}]}}}}